-- The C compiler identification is GNU 9.3.0
-- The CXX compiler identification is GNU 9.3.0
-- Check for working C compiler: /usr/bin/cc
-- Check for working C compiler: /usr/bin/cc -- works
-- Detecting C compiler ABI info
-- Detecting C compiler ABI info - done
-- Detecting C compile features
-- Detecting C compile features - done
-- Check for working CXX compiler: /usr/bin/c++
-- Check for working CXX compiler: /usr/bin/c++ -- works
-- Detecting CXX compiler ABI info
-- Detecting CXX compiler ABI info - done
-- Detecting CXX compile features
-- Detecting CXX compile features - done
-- Found ament_cmake_auto: 0.9.9 (/opt/ros/foxy/share/ament_cmake_auto/cmake)
-- Found PythonInterp: /usr/bin/python3 (found suitable version "3.8.10", minimum required is "3") 
-- Using PYTHON_EXECUTABLE: /usr/bin/python3
-- Override CMake install command with custom implementation using symlinks instead of copying resources
-- Configuring done
-- Generating done
-- Build files have been written to: /home/blanca/TERCERO/COGNITIVOS/colcon_ws/src/navigation_cavros/build/kobuki_navigation
-- Install configuration: ""
-- Execute custom install script
-- Symlinking: /home/blanca/TERCERO/COGNITIVOS/colcon_ws/src/navigation_cavros/install/kobuki_navigation/share/kobuki_navigation/launch/kobuki_navigation.launch.py
-- Symlinking: /home/blanca/TERCERO/COGNITIVOS/colcon_ws/src/navigation_cavros/install/kobuki_navigation/share/kobuki_navigation/launch/navigation_launch.py
-- Symlinking: /home/blanca/TERCERO/COGNITIVOS/colcon_ws/src/navigation_cavros/install/kobuki_navigation/share/kobuki_navigation/params/kobuki_nav_params.yaml
-- Symlinking: /home/blanca/TERCERO/COGNITIVOS/colcon_ws/src/navigation_cavros/install/kobuki_navigation/share/kobuki_navigation/params/mapper_params_online_async.yaml
-- Symlinking: /home/blanca/TERCERO/COGNITIVOS/colcon_ws/src/navigation_cavros/install/kobuki_navigation/share/kobuki_navigation/maps/map.pgm
-- Symlinking: /home/blanca/TERCERO/COGNITIVOS/colcon_ws/src/navigation_cavros/install/kobuki_navigation/share/kobuki_navigation/maps/map.yaml
-- Symlinking: /home/blanca/TERCERO/COGNITIVOS/colcon_ws/src/navigation_cavros/install/kobuki_navigation/share/ament_index/resource_index/package_run_dependencies/kobuki_navigation
-- Symlinking: /home/blanca/TERCERO/COGNITIVOS/colcon_ws/src/navigation_cavros/install/kobuki_navigation/share/ament_index/resource_index/parent_prefix_path/kobuki_navigation
-- Symlinking: /home/blanca/TERCERO/COGNITIVOS/colcon_ws/src/navigation_cavros/install/kobuki_navigation/share/kobuki_navigation/environment/ament_prefix_path.sh
-- Symlinking: /home/blanca/TERCERO/COGNITIVOS/colcon_ws/src/navigation_cavros/install/kobuki_navigation/share/kobuki_navigation/environment/ament_prefix_path.dsv
-- Symlinking: /home/blanca/TERCERO/COGNITIVOS/colcon_ws/src/navigation_cavros/install/kobuki_navigation/share/kobuki_navigation/environment/path.sh
-- Symlinking: /home/blanca/TERCERO/COGNITIVOS/colcon_ws/src/navigation_cavros/install/kobuki_navigation/share/kobuki_navigation/environment/path.dsv
-- Symlinking: /home/blanca/TERCERO/COGNITIVOS/colcon_ws/src/navigation_cavros/install/kobuki_navigation/share/kobuki_navigation/local_setup.bash
-- Symlinking: /home/blanca/TERCERO/COGNITIVOS/colcon_ws/src/navigation_cavros/install/kobuki_navigation/share/kobuki_navigation/local_setup.sh
-- Symlinking: /home/blanca/TERCERO/COGNITIVOS/colcon_ws/src/navigation_cavros/install/kobuki_navigation/share/kobuki_navigation/local_setup.zsh
-- Symlinking: /home/blanca/TERCERO/COGNITIVOS/colcon_ws/src/navigation_cavros/install/kobuki_navigation/share/kobuki_navigation/local_setup.dsv
-- Symlinking: /home/blanca/TERCERO/COGNITIVOS/colcon_ws/src/navigation_cavros/install/kobuki_navigation/share/kobuki_navigation/package.dsv
-- Symlinking: /home/blanca/TERCERO/COGNITIVOS/colcon_ws/src/navigation_cavros/install/kobuki_navigation/share/ament_index/resource_index/packages/kobuki_navigation
-- Symlinking: /home/blanca/TERCERO/COGNITIVOS/colcon_ws/src/navigation_cavros/install/kobuki_navigation/share/kobuki_navigation/cmake/kobuki_navigationConfig.cmake
-- Symlinking: /home/blanca/TERCERO/COGNITIVOS/colcon_ws/src/navigation_cavros/install/kobuki_navigation/share/kobuki_navigation/cmake/kobuki_navigationConfig-version.cmake
-- Symlinking: /home/blanca/TERCERO/COGNITIVOS/colcon_ws/src/navigation_cavros/install/kobuki_navigation/share/kobuki_navigation/package.xml
